C:\Program Files (x86)\Microsoft Visual Studio\2017\Community\Common7\IDE\VC\VCTargets\Microsoft.CppBuild.targets(391,5): warning MSB8028: 중간 디렉터리(x64\Debug\)에 다른 프로젝트(20180820.vcxproj)에서 공유하는 파일이 포함되어 있습니다.  이로 인해 잘못된 정리 및 다시 빌드 동작이 수행될 수 있습니다.
  stdafx.cpp
  20180820.cpp
c:\users\5_kga_4\desktop\개인포폴\repository1\20181025\20180820\20180820.cpp(135): warning C4244: 'return': 'WPARAM'에서 'int'(으)로 변환하면서 데이터가 손실될 수 있습니다.
  animation.cpp
  button.cpp
c:\users\5_kga_4\desktop\개인포폴\repository1\20181025\20180820\button.cpp(13): warning C4244: '=': 'int'에서 'float'(으)로 변환하면서 데이터가 손실될 수 있습니다.
c:\users\5_kga_4\desktop\개인포폴\repository1\20181025\20180820\button.cpp(14): warning C4244: '=': 'int'에서 'float'(으)로 변환하면서 데이터가 손실될 수 있습니다.
  CreatorScene.cpp
  Editor_Scene.cpp
c:\users\5_kga_4\desktop\개인포폴\repository1\20181025\20180820\editor_scene.cpp(233): warning C4244: '인수': 'float'에서 'int'(으)로 변환하면서 데이터가 손실될 수 있습니다.
c:\users\5_kga_4\desktop\개인포폴\repository1\20181025\20180820\editor_scene.cpp(232): warning C4244: '인수': 'float'에서 'int'(으)로 변환하면서 데이터가 손실될 수 있습니다.
c:\users\5_kga_4\desktop\개인포폴\repository1\20181025\20180820\editor_scene.cpp(243): warning C4244: '인수': 'float'에서 'int'(으)로 변환하면서 데이터가 손실될 수 있습니다.
c:\users\5_kga_4\desktop\개인포폴\repository1\20181025\20180820\editor_scene.cpp(244): warning C4244: '인수': 'float'에서 'int'(으)로 변환하면서 데이터가 손실될 수 있습니다.
c:\users\5_kga_4\desktop\개인포폴\repository1\20181025\20180820\editor_scene.cpp(249): warning C4244: '인수': 'float'에서 'int'(으)로 변환하면서 데이터가 손실될 수 있습니다.
c:\users\5_kga_4\desktop\개인포폴\repository1\20181025\20180820\editor_scene.cpp(250): warning C4244: '인수': 'float'에서 'int'(으)로 변환하면서 데이터가 손실될 수 있습니다.
  Editor_SetSize.cpp
c:\users\5_kga_4\desktop\개인포폴\repository1\20181025\20180820\editor_setsize.cpp(76): warning C4267: '인수': 'size_t'에서 'int'(으)로 변환하면서 데이터가 손실될 수 있습니다.
c:\users\5_kga_4\desktop\개인포폴\repository1\20181025\20180820\editor_setsize.cpp(79): warning C4267: '인수': 'size_t'에서 'int'(으)로 변환하면서 데이터가 손실될 수 있습니다.
  effect.cpp
c:\users\5_kga_4\desktop\개인포폴\repository1\20181025\20180820\effect.cpp(52): warning C4244: '인수': 'float'에서 'int'(으)로 변환하면서 데이터가 손실될 수 있습니다.
  effectManager.cpp
  EndingScene.cpp
c:\users\5_kga_4\desktop\개인포폴\repository1\20181025\20180820\endingscene.cpp(33): warning C4267: '인수': 'size_t'에서 'int'(으)로 변환하면서 데이터가 손실될 수 있습니다.
c:\users\5_kga_4\desktop\개인포폴\repository1\20181025\20180820\endingscene.cpp(41): warning C4267: '인수': 'size_t'에서 'int'(으)로 변환하면서 데이터가 손실될 수 있습니다.
  Enemy.cpp
  Fox.cpp
  gameNode.cpp
  GameObject.cpp
  image.cpp
c:\users\5_kga_4\desktop\개인포폴\repository1\20181025\20180820\image.cpp(314): warning C4244: '인수': 'float'에서 'int'(으)로 변환하면서 데이터가 손실될 수 있습니다.
c:\users\5_kga_4\desktop\개인포폴\repository1\20181025\20180820\image.cpp(346): warning C4244: '인수': 'float'에서 'int'(으)로 변환하면서 데이터가 손실될 수 있습니다.
c:\users\5_kga_4\desktop\개인포폴\repository1\20181025\20180820\image.cpp(358): warning C4244: '인수': 'float'에서 'int'(으)로 변환하면서 데이터가 손실될 수 있습니다.
c:\users\5_kga_4\desktop\개인포폴\repository1\20181025\20180820\image.cpp(376): warning C4244: '인수': 'float'에서 'int'(으)로 변환하면서 데이터가 손실될 수 있습니다.
c:\users\5_kga_4\desktop\개인포폴\repository1\20181025\20180820\image.cpp(371): warning C4244: '인수': 'float'에서 'int'(으)로 변환하면서 데이터가 손실될 수 있습니다.
c:\users\5_kga_4\desktop\개인포폴\repository1\20181025\20180820\image.cpp(390): warning C4244: '인수': 'float'에서 'int'(으)로 변환하면서 데이터가 손실될 수 있습니다.
c:\users\5_kga_4\desktop\개인포폴\repository1\20181025\20180820\image.cpp(385): warning C4244: '인수': 'float'에서 'int'(으)로 변환하면서 데이터가 손실될 수 있습니다.
c:\users\5_kga_4\desktop\개인포폴\repository1\20181025\20180820\image.cpp(452): warning C4244: '인수': 'float'에서 'int'(으)로 변환하면서 데이터가 손실될 수 있습니다.
c:\users\5_kga_4\desktop\개인포폴\repository1\20181025\20180820\image.cpp(462): warning C4244: '인수': 'float'에서 'int'(으)로 변환하면서 데이터가 손실될 수 있습니다.
c:\users\5_kga_4\desktop\개인포폴\repository1\20181025\20180820\image.cpp(461): warning C4244: '인수': 'float'에서 'int'(으)로 변환하면서 데이터가 손실될 수 있습니다.
c:\users\5_kga_4\desktop\개인포폴\repository1\20181025\20180820\image.cpp(481): warning C4244: '인수': 'float'에서 'int'(으)로 변환하면서 데이터가 손실될 수 있습니다.
c:\users\5_kga_4\desktop\개인포폴\repository1\20181025\20180820\image.cpp(476): warning C4244: '인수': 'float'에서 'int'(으)로 변환하면서 데이터가 손실될 수 있습니다.
c:\users\5_kga_4\desktop\개인포폴\repository1\20181025\20180820\image.cpp(497): warning C4244: '인수': 'float'에서 'int'(으)로 변환하면서 데이터가 손실될 수 있습니다.
c:\users\5_kga_4\desktop\개인포폴\repository1\20181025\20180820\image.cpp(496): warning C4244: '인수': 'float'에서 'int'(으)로 변환하면서 데이터가 손실될 수 있습니다.
c:\users\5_kga_4\desktop\개인포폴\repository1\20181025\20180820\image.cpp(491): warning C4244: '인수': 'float'에서 'int'(으)로 변환하면서 데이터가 손실될 수 있습니다.
c:\users\5_kga_4\desktop\개인포폴\repository1\20181025\20180820\image.cpp(490): warning C4244: '인수': 'float'에서 'int'(으)로 변환하면서 데이터가 손실될 수 있습니다.
c:\users\5_kga_4\desktop\개인포폴\repository1\20181025\20180820\image.cpp(557): warning C4244: '인수': 'float'에서 'int'(으)로 변환하면서 데이터가 손실될 수 있습니다.
c:\users\5_kga_4\desktop\개인포폴\repository1\20181025\20180820\image.cpp(570): warning C4244: '인수': 'float'에서 'int'(으)로 변환하면서 데이터가 손실될 수 있습니다.
c:\users\5_kga_4\desktop\개인포폴\repository1\20181025\20180820\image.cpp(582): warning C4244: '인수': 'float'에서 'int'(으)로 변환하면서 데이터가 손실될 수 있습니다.
  imageManager.cpp
  keyManager.cpp
  loadingScene.cpp
  mainGame.cpp
  Rabbit.cpp
  scene.cpp
  코드를 생성하고 있습니다...
  컴파일하고 있습니다...
  sceneManager.cpp
  ScrollMgr.cpp
c:\users\5_kga_4\desktop\개인포폴\repository1\20181025\20180820\scrollmgr.cpp(20): warning C4244: '=': 'int'에서 'float'(으)로 변환하면서 데이터가 손실될 수 있습니다.
c:\users\5_kga_4\desktop\개인포폴\repository1\20181025\20180820\scrollmgr.cpp(21): warning C4244: '=': 'int'에서 'float'(으)로 변환하면서 데이터가 손실될 수 있습니다.
c:\users\5_kga_4\desktop\개인포폴\repository1\20181025\20180820\scrollmgr.cpp(32): warning C4244: '=': 'float'에서 'LONG'(으)로 변환하면서 데이터가 손실될 수 있습니다.
c:\users\5_kga_4\desktop\개인포폴\repository1\20181025\20180820\scrollmgr.cpp(33): warning C4244: '=': 'float'에서 'LONG'(으)로 변환하면서 데이터가 손실될 수 있습니다.
c:\users\5_kga_4\desktop\개인포폴\repository1\20181025\20180820\scrollmgr.cpp(34): warning C4244: '=': 'float'에서 'LONG'(으)로 변환하면서 데이터가 손실될 수 있습니다.
c:\users\5_kga_4\desktop\개인포폴\repository1\20181025\20180820\scrollmgr.cpp(35): warning C4244: '=': 'float'에서 'LONG'(으)로 변환하면서 데이터가 손실될 수 있습니다.
  ScrollMgr_Map.cpp
c:\users\5_kga_4\desktop\개인포폴\repository1\20181025\20180820\scrollmgr_map.cpp(7): warning C4244: '=': 'int'에서 'float'(으)로 변환하면서 데이터가 손실될 수 있습니다.
c:\users\5_kga_4\desktop\개인포폴\repository1\20181025\20180820\scrollmgr_map.cpp(8): warning C4244: '=': 'int'에서 'float'(으)로 변환하면서 데이터가 손실될 수 있습니다.
  soundManager.cpp
  Squirrel.cpp
  timeManager.cpp
c:\users\5_kga_4\desktop\개인포폴\repository1\20181025\20180820\timemanager.cpp(39): warning C4267: '인수': 'size_t'에서 'int'(으)로 변환하면서 데이터가 손실될 수 있습니다.
c:\users\5_kga_4\desktop\개인포폴\repository1\20181025\20180820\timemanager.cpp(44): warning C4267: '인수': 'size_t'에서 'int'(으)로 변환하면서 데이터가 손실될 수 있습니다.
c:\users\5_kga_4\desktop\개인포폴\repository1\20181025\20180820\timemanager.cpp(49): warning C4267: '인수': 'size_t'에서 'int'(으)로 변환하면서 데이터가 손실될 수 있습니다.
  timer.cpp
  Title_Scene.cpp
c:\users\5_kga_4\desktop\개인포폴\repository1\20181025\20180820\title_scene.cpp(13): warning C4305: '인수': 'unsigned long'에서 'bool'(으)로 잘립니다.
c:\users\5_kga_4\desktop\개인포폴\repository1\20181025\20180820\title_scene.cpp(15): warning C4305: '인수': 'int'에서 'bool'(으)로 잘립니다.
c:\users\5_kga_4\desktop\개인포폴\repository1\20181025\20180820\title_scene.cpp(130): warning C4267: '인수': 'size_t'에서 'int'(으)로 변환하면서 데이터가 손실될 수 있습니다.
c:\users\5_kga_4\desktop\개인포폴\repository1\20181025\20180820\title_scene.cpp(133): warning C4267: '인수': 'size_t'에서 'int'(으)로 변환하면서 데이터가 손실될 수 있습니다.
c:\users\5_kga_4\desktop\개인포폴\repository1\20181025\20180820\title_scene.cpp(136): warning C4267: '인수': 'size_t'에서 'int'(으)로 변환하면서 데이터가 손실될 수 있습니다.
c:\users\5_kga_4\desktop\개인포폴\repository1\20181025\20180820\title_scene.cpp(140): warning C4267: '인수': 'size_t'에서 'int'(으)로 변환하면서 데이터가 손실될 수 있습니다.
c:\users\5_kga_4\desktop\개인포폴\repository1\20181025\20180820\title_scene.cpp(144): warning C4267: '인수': 'size_t'에서 'int'(으)로 변환하면서 데이터가 손실될 수 있습니다.
c:\users\5_kga_4\desktop\개인포폴\repository1\20181025\20180820\title_scene.cpp(148): warning C4267: '인수': 'size_t'에서 'int'(으)로 변환하면서 데이터가 손실될 수 있습니다.
c:\users\5_kga_4\desktop\개인포폴\repository1\20181025\20180820\title_scene.cpp(153): warning C4267: '인수': 'size_t'에서 'int'(으)로 변환하면서 데이터가 손실될 수 있습니다.
  txtData.cpp
  uiManager.cpp
  uiTxt.cpp
c:\users\5_kga_4\desktop\개인포폴\repository1\20181025\20180820\uitxt.cpp(48): warning C4267: '인수': 'size_t'에서 'int'(으)로 변환하면서 데이터가 손실될 수 있습니다.
c:\users\5_kga_4\desktop\개인포폴\repository1\20181025\20180820\uitxt.cpp(48): warning C4244: '인수': 'float'에서 'int'(으)로 변환하면서 데이터가 손실될 수 있습니다.
  utils.cpp
  코드를 생성하고 있습니다...
c:\users\5_kga_4\desktop\개인포폴\repository1\20181025\20180820\txtdata.cpp(57): warning C4172: 지역 변수 또는 임시: str의 주소를 반환하고 있습니다.
soundManager.obj : error LNK2019: FMOD_System_Create 외부 기호(참조 위치: "enum FMOD_RESULT __cdecl FMOD::System_Create(class FMOD::System * *)" (?System_Create@FMOD@@YA?AW4FMOD_RESULT@@PEAPEAVSystem@1@@Z) 함수)에서 확인하지 못했습니다.
soundManager.obj : error LNK2019: "public: enum FMOD_RESULT __cdecl FMOD::System::release(void)" (?release@System@FMOD@@QEAA?AW4FMOD_RESULT@@XZ) 외부 기호(참조 위치: "public: void __cdecl soundManager::release(void)" (?release@soundManager@@QEAAXXZ) 함수)에서 확인하지 못했습니다.
soundManager.obj : error LNK2019: "public: enum FMOD_RESULT __cdecl FMOD::System::init(int,unsigned int,void *)" (?init@System@FMOD@@QEAA?AW4FMOD_RESULT@@HIPEAX@Z) 외부 기호(참조 위치: "public: long __cdecl soundManager::init(void)" (?init@soundManager@@QEAAJXZ) 함수)에서 확인하지 못했습니다.
soundManager.obj : error LNK2019: "public: enum FMOD_RESULT __cdecl FMOD::System::update(void)" (?update@System@FMOD@@QEAA?AW4FMOD_RESULT@@XZ) 외부 기호(참조 위치: "public: void __cdecl soundManager::update(void)" (?update@soundManager@@QEAAXXZ) 함수)에서 확인하지 못했습니다.
soundManager.obj : error LNK2019: "public: enum FMOD_RESULT __cdecl FMOD::System::createSound(char const *,unsigned int,struct FMOD_CREATESOUNDEXINFO *,class FMOD::Sound * *)" (?createSound@System@FMOD@@QEAA?AW4FMOD_RESULT@@PEBDIPEAUFMOD_CREATESOUNDEXINFO@@PEAPEAVSound@2@@Z) 외부 기호(참조 위치: "public: void __cdecl soundManager::addSound(class std::basic_string<char,struct std::char_traits<char>,class std::allocator<char> >,bool,bool)" (?addSound@soundManager@@QEAAXV?$basic_string@DU?$char_traits@D@std@@V?$allocator@D@2@@std@@_N1@Z) 함수)에서 확인하지 못했습니다.
soundManager.obj : error LNK2019: "public: enum FMOD_RESULT __cdecl FMOD::System::createStream(char const *,unsigned int,struct FMOD_CREATESOUNDEXINFO *,class FMOD::Sound * *)" (?createStream@System@FMOD@@QEAA?AW4FMOD_RESULT@@PEBDIPEAUFMOD_CREATESOUNDEXINFO@@PEAPEAVSound@2@@Z) 외부 기호(참조 위치: "public: void __cdecl soundManager::addSound(class std::basic_string<char,struct std::char_traits<char>,class std::allocator<char> >,bool,bool)" (?addSound@soundManager@@QEAAXV?$basic_string@DU?$char_traits@D@std@@V?$allocator@D@2@@std@@_N1@Z) 함수)에서 확인하지 못했습니다.
soundManager.obj : error LNK2019: "public: enum FMOD_RESULT __cdecl FMOD::System::playSound(enum FMOD_CHANNELINDEX,class FMOD::Sound *,bool,class FMOD::Channel * *)" (?playSound@System@FMOD@@QEAA?AW4FMOD_RESULT@@W4FMOD_CHANNELINDEX@@PEAVSound@2@_NPEAPEAVChannel@2@@Z) 외부 기호(참조 위치: "public: void __cdecl soundManager::play(class std::basic_string<char,struct std::char_traits<char>,class std::allocator<char> >,float)" (?play@soundManager@@QEAAXV?$basic_string@DU?$char_traits@D@std@@V?$allocator@D@2@@std@@M@Z) 함수)에서 확인하지 못했습니다.
soundManager.obj : error LNK2019: "public: enum FMOD_RESULT __cdecl FMOD::Channel::stop(void)" (?stop@Channel@FMOD@@QEAA?AW4FMOD_RESULT@@XZ) 외부 기호(참조 위치: "public: void __cdecl soundManager::stop(class std::basic_string<char,struct std::char_traits<char>,class std::allocator<char> >)" (?stop@soundManager@@QEAAXV?$basic_string@DU?$char_traits@D@std@@V?$allocator@D@2@@std@@@Z) 함수)에서 확인하지 못했습니다.
soundManager.obj : error LNK2019: "public: enum FMOD_RESULT __cdecl FMOD::Channel::setPaused(bool)" (?setPaused@Channel@FMOD@@QEAA?AW4FMOD_RESULT@@_N@Z) 외부 기호(참조 위치: "public: void __cdecl soundManager::pause(class std::basic_string<char,struct std::char_traits<char>,class std::allocator<char> >)" (?pause@soundManager@@QEAAXV?$basic_string@DU?$char_traits@D@std@@V?$allocator@D@2@@std@@@Z) 함수)에서 확인하지 못했습니다.
soundManager.obj : error LNK2019: "public: enum FMOD_RESULT __cdecl FMOD::Channel::getPaused(bool *)" (?getPaused@Channel@FMOD@@QEAA?AW4FMOD_RESULT@@PEA_N@Z) 외부 기호(참조 위치: "public: bool __cdecl soundManager::isPause(class std::basic_string<char,struct std::char_traits<char>,class std::allocator<char> >)" (?isPause@soundManager@@QEAA_NV?$basic_string@DU?$char_traits@D@std@@V?$allocator@D@2@@std@@@Z) 함수)에서 확인하지 못했습니다.
soundManager.obj : error LNK2019: "public: enum FMOD_RESULT __cdecl FMOD::Channel::setVolume(float)" (?setVolume@Channel@FMOD@@QEAA?AW4FMOD_RESULT@@M@Z) 외부 기호(참조 위치: "public: void __cdecl soundManager::play(class std::basic_string<char,struct std::char_traits<char>,class std::allocator<char> >,float)" (?play@soundManager@@QEAAXV?$basic_string@DU?$char_traits@D@std@@V?$allocator@D@2@@std@@M@Z) 함수)에서 확인하지 못했습니다.
soundManager.obj : error LNK2019: "public: enum FMOD_RESULT __cdecl FMOD::Channel::isPlaying(bool *)" (?isPlaying@Channel@FMOD@@QEAA?AW4FMOD_RESULT@@PEA_N@Z) 외부 기호(참조 위치: "public: bool __cdecl soundManager::isPlaying(class std::basic_string<char,struct std::char_traits<char>,class std::allocator<char> >)" (?isPlaying@soundManager@@QEAA_NV?$basic_string@DU?$char_traits@D@std@@V?$allocator@D@2@@std@@@Z) 함수)에서 확인하지 못했습니다.
lib\fmodex_vc.lib : warning LNK4272: 'x86' 라이브러리 컴퓨터 종류가 'x64' 대상 컴퓨터 종류와 충돌합니다.
C:\Users\5_KGA_4\Desktop\개인포폴\Repository1\20181025\x64\Debug\20181025.exe : fatal error LNK1120: 12개의 확인할 수 없는 외부 참조입니다.
