  Fox.cpp
c:\users\5_kga_4\desktop\개인포폴\repository1\20181025\20180820\fox.cpp(76): warning C4244: '인수': 'float'에서 'int'(으)로 변환하면서 데이터가 손실될 수 있습니다.
c:\users\5_kga_4\desktop\개인포폴\repository1\20181025\20180820\fox.cpp(89): warning C4244: '인수': 'float'에서 'int'(으)로 변환하면서 데이터가 손실될 수 있습니다.
c:\users\5_kga_4\desktop\개인포폴\repository1\20181025\20180820\fox.cpp(90): warning C4244: '인수': 'float'에서 'int'(으)로 변환하면서 데이터가 손실될 수 있습니다.
c:\users\5_kga_4\desktop\개인포폴\repository1\20181025\20180820\fox.cpp(91): warning C4244: '인수': 'float'에서 'int'(으)로 변환하면서 데이터가 손실될 수 있습니다.
c:\users\5_kga_4\desktop\개인포폴\repository1\20181025\20180820\fox.cpp(119): warning C4552: '*': 식의 결과가 사용되지 않습니다.
c:\users\5_kga_4\desktop\개인포폴\repository1\20181025\20180820\fox.cpp(121): warning C4552: '*': 식의 결과가 사용되지 않습니다.
c:\users\5_kga_4\desktop\개인포폴\repository1\20181025\20180820\fox.cpp(170): warning C4244: '+=': 'float'에서 'int'(으)로 변환하면서 데이터가 손실될 수 있습니다.
c:\users\5_kga_4\desktop\개인포폴\repository1\20181025\20180820\fox.cpp(195): warning C4244: '인수': 'float'에서 'int'(으)로 변환하면서 데이터가 손실될 수 있습니다.
c:\users\5_kga_4\desktop\개인포폴\repository1\20181025\20180820\fox.cpp(216): warning C4244: '인수': 'float'에서 'int'(으)로 변환하면서 데이터가 손실될 수 있습니다.
  StageScene.cpp
c:\users\5_kga_4\desktop\개인포폴\repository1\20181025\20180820\stagescene.cpp(139): warning C4553: '==': 식의 결과가 사용되지 않습니다. '='을(를) 의도했습니까?
c:\users\5_kga_4\desktop\개인포폴\repository1\20181025\20180820\stagescene.cpp(167): warning C4244: '인수': 'LONG'에서 'float'(으)로 변환하면서 데이터가 손실될 수 있습니다.
c:\users\5_kga_4\desktop\개인포폴\repository1\20181025\20180820\stagescene.cpp(168): warning C4244: '인수': 'LONG'에서 'float'(으)로 변환하면서 데이터가 손실될 수 있습니다.
c:\users\5_kga_4\desktop\개인포폴\repository1\20181025\20180820\stagescene.cpp(173): warning C4244: '인수': 'LONG'에서 'float'(으)로 변환하면서 데이터가 손실될 수 있습니다.
c:\users\5_kga_4\desktop\개인포폴\repository1\20181025\20180820\stagescene.cpp(174): warning C4244: '인수': 'LONG'에서 'float'(으)로 변환하면서 데이터가 손실될 수 있습니다.
c:\users\5_kga_4\desktop\개인포폴\repository1\20181025\20180820\stagescene.cpp(179): warning C4244: '인수': 'LONG'에서 'float'(으)로 변환하면서 데이터가 손실될 수 있습니다.
c:\users\5_kga_4\desktop\개인포폴\repository1\20181025\20180820\stagescene.cpp(180): warning C4244: '인수': 'LONG'에서 'float'(으)로 변환하면서 데이터가 손실될 수 있습니다.
c:\users\5_kga_4\desktop\개인포폴\repository1\20181025\20180820\stagescene.cpp(193): warning C4244: '인수': 'LONG'에서 'float'(으)로 변환하면서 데이터가 손실될 수 있습니다.
c:\users\5_kga_4\desktop\개인포폴\repository1\20181025\20180820\stagescene.cpp(192): warning C4244: '인수': 'LONG'에서 'float'(으)로 변환하면서 데이터가 손실될 수 있습니다.
c:\users\5_kga_4\desktop\개인포폴\repository1\20181025\20180820\stagescene.cpp(252): warning C4244: '인수': 'float'에서 'int'(으)로 변환하면서 데이터가 손실될 수 있습니다.
c:\users\5_kga_4\desktop\개인포폴\repository1\20181025\20180820\stagescene.cpp(253): warning C4244: '인수': 'float'에서 'int'(으)로 변환하면서 데이터가 손실될 수 있습니다.
c:\users\5_kga_4\desktop\개인포폴\repository1\20181025\20180820\stagescene.cpp(257): warning C4244: '인수': 'float'에서 'int'(으)로 변환하면서 데이터가 손실될 수 있습니다.
c:\users\5_kga_4\desktop\개인포폴\repository1\20181025\20180820\stagescene.cpp(767): warning C4244: '인수': 'float'에서 'int'(으)로 변환하면서 데이터가 손실될 수 있습니다.
c:\users\5_kga_4\desktop\개인포폴\repository1\20181025\20180820\stagescene.cpp(776): warning C4244: '인수': 'LONG'에서 'float'(으)로 변환하면서 데이터가 손실될 수 있습니다.
c:\users\5_kga_4\desktop\개인포폴\repository1\20181025\20180820\stagescene.cpp(891): warning C4244: '인수': 'float'에서 'int'(으)로 변환하면서 데이터가 손실될 수 있습니다.
c:\users\5_kga_4\desktop\개인포폴\repository1\20181025\20180820\stagescene.cpp(890): warning C4244: '인수': 'float'에서 'int'(으)로 변환하면서 데이터가 손실될 수 있습니다.
c:\users\5_kga_4\desktop\개인포폴\repository1\20181025\20180820\stagescene.cpp(902): warning C4244: '인수': 'float'에서 'int'(으)로 변환하면서 데이터가 손실될 수 있습니다.
c:\users\5_kga_4\desktop\개인포폴\repository1\20181025\20180820\stagescene.cpp(901): warning C4244: '인수': 'float'에서 'int'(으)로 변환하면서 데이터가 손실될 수 있습니다.
c:\users\5_kga_4\desktop\개인포폴\repository1\20181025\20180820\stagescene.cpp(911): warning C4244: '인수': 'float'에서 'int'(으)로 변환하면서 데이터가 손실될 수 있습니다.
c:\users\5_kga_4\desktop\개인포폴\repository1\20181025\20180820\stagescene.cpp(910): warning C4244: '인수': 'float'에서 'int'(으)로 변환하면서 데이터가 손실될 수 있습니다.
c:\users\5_kga_4\desktop\개인포폴\repository1\20181025\20180820\stagescene.cpp(920): warning C4244: '인수': 'float'에서 'int'(으)로 변환하면서 데이터가 손실될 수 있습니다.
c:\users\5_kga_4\desktop\개인포폴\repository1\20181025\20180820\stagescene.cpp(919): warning C4244: '인수': 'float'에서 'int'(으)로 변환하면서 데이터가 손실될 수 있습니다.
  코드를 생성하고 있습니다...
  20180820.vcxproj -> C:\Users\5_KGA_4\Desktop\개인포폴\Repository1\20181025\Debug\20181025.exe
